=/pretest.json
{
  _: [],
  f: [
    '/home/runner/work/exp-selection-sort-iiith/exp-selection-sort-iiith/experiment/pretest.json'
  ],
  files: [
    '/home/runner/work/exp-selection-sort-iiith/exp-selection-sort-iiith/experiment/pretest.json'
  ],
  c: 'assessment',
  contentTypes: 'assessment',
  'content-types': 'assessment',
  '$0': 'validate'
}
Validated true
=/selection-sort/selection-sort-quiz.json
{
  _: [],
  f: [
    '/home/runner/work/exp-selection-sort-iiith/exp-selection-sort-iiith/experiment/selection-sort/selection-sort-quiz.json'
  ],
  files: [
    '/home/runner/work/exp-selection-sort-iiith/exp-selection-sort-iiith/experiment/selection-sort/selection-sort-quiz.json'
  ],
  c: 'assessment',
  contentTypes: 'assessment',
  'content-types': 'assessment',
  '$0': 'validate'
}
Validated true
=/analysis/analysis-quiz.json
{
  _: [],
  f: [
    '/home/runner/work/exp-selection-sort-iiith/exp-selection-sort-iiith/experiment/analysis/analysis-quiz.json'
  ],
  files: [
    '/home/runner/work/exp-selection-sort-iiith/exp-selection-sort-iiith/experiment/analysis/analysis-quiz.json'
  ],
  c: 'assessment',
  contentTypes: 'assessment',
  'content-types': 'assessment',
  '$0': 'validate'
}
Validated true
=/posttest.json
{
  _: [],
  f: [
    '/home/runner/work/exp-selection-sort-iiith/exp-selection-sort-iiith/experiment/posttest.json'
  ],
  files: [
    '/home/runner/work/exp-selection-sort-iiith/exp-selection-sort-iiith/experiment/posttest.json'
  ],
  c: 'assessment',
  contentTypes: 'assessment',
  'content-types': 'assessment',
  '$0': 'validate'
}
Validated true
